<?xml version="1.0" encoding="UTF-8"?>
<testsuite name="DefinitionTest" tests="2" skipped="0" failures="0" errors="0" timestamp="2016-05-09T21:03:34" hostname="epicodus-68.local" time="0.052">
  <properties/>
  <testcase name="Definition_instantiatesCorrectly_true" classname="DefinitionTest" time="0.051"/>
  <testcase name="Definition_instantiatedwithString_String" classname="DefinitionTest" time="0.0"/>
  <system-out><![CDATA[]]></system-out>
  <system-err><![CDATA[]]></system-err>
</testsuite>
