<?xml version="1.0" encoding="UTF-8"?>
<testsuite name="DefinitionTest" tests="3" skipped="0" failures="0" errors="0" timestamp="2016-05-09T20:17:30" hostname="epicodus-68.local" time="0.053">
  <properties/>
  <testcase name="getCreatedAt_instantiatesWithCurrentTime_today" classname="DefinitionTest" time="0.053"/>
  <testcase name="Definition_instantiatesCorrectly_true" classname="DefinitionTest" time="0.0"/>
  <testcase name="Definition_instantiatedwithString_String" classname="DefinitionTest" time="0.0"/>
  <system-out><![CDATA[]]></system-out>
  <system-err><![CDATA[]]></system-err>
</testsuite>
