<?xml version="1.0" encoding="UTF-8"?>
<testsuite name="CategoryTest" tests="2" skipped="0" failures="0" errors="0" timestamp="2016-05-01T05:07:49" hostname="epicodus-30.local" time="0.002">
  <properties/>
  <testcase name="Category_instantiatesCorrectly_true" classname="CategoryTest" time="0.002"/>
  <testcase name="Category_instantiatesWithName_true" classname="CategoryTest" time="0.0"/>
  <system-out><![CDATA[]]></system-out>
  <system-err><![CDATA[]]></system-err>
</testsuite>
