<?xml version="1.0" encoding="UTF-8"?>
<testsuite name="WordTest" tests="2" skipped="0" failures="0" errors="0" timestamp="2016-04-29T21:52:53" hostname="epicodus-36.local" time="0.066">
  <properties/>
  <testcase name="Word_instantiatesCorrectly_true" classname="WordTest" time="0.065"/>
  <testcase name="Word_instantiatesWithName_String" classname="WordTest" time="0.0"/>
  <system-out><![CDATA[]]></system-out>
  <system-err><![CDATA[]]></system-err>
</testsuite>
