<?xml version="1.0" encoding="UTF-8"?>
<testsuite name="WordTest" tests="8" skipped="0" failures="0" errors="0" timestamp="2016-05-09T21:03:37" hostname="epicodus-68.local" time="0.004">
  <properties/>
  <testcase name="allWords_canAddMultipleWords_String" classname="WordTest" time="0.001"/>
  <testcase name="Word_canAddOneWord_String" classname="WordTest" time="0.0"/>
  <testcase name="addDefinition_canAddMultipleDefinitionsForOneWord_String" classname="WordTest" time="0.0"/>
  <testcase name="Word_instantiatesCorrectly_true" classname="WordTest" time="0.0"/>
  <testcase name="getCreatedAt_instantiatesWithCurrentTime_today" classname="WordTest" time="0.0"/>
  <testcase name="find_returnsNullWhenNoWordFound_null" classname="WordTest" time="0.0"/>
  <testcase name="Word_instantiatesWithName_String" classname="WordTest" time="0.0"/>
  <testcase name="addDefinition_canAddOneDefinitionForOneWord_String" classname="WordTest" time="0.001"/>
  <system-out><![CDATA[]]></system-out>
  <system-err><![CDATA[]]></system-err>
</testsuite>
