<?xml version="1.0" encoding="UTF-8"?>
<testsuite name="WordTest" tests="6" skipped="0" failures="0" errors="0" timestamp="2016-05-02T21:31:53" hostname="epicodus-41.local" time="0.002">
  <properties/>
  <testcase name="allWords_canAddMultipleWords_String" classname="WordTest" time="0.001"/>
  <testcase name="Word_canAddOneWord_String" classname="WordTest" time="0.0"/>
  <testcase name="addDefinition_canAddMultipleDefinitionsForOneWord_String" classname="WordTest" time="0.0"/>
  <testcase name="Word_instantiatesCorrectly_true" classname="WordTest" time="0.001"/>
  <testcase name="Word_instantiatesWithName_String" classname="WordTest" time="0.0"/>
  <testcase name="addDefinition_canAddOneDefinitionForOneWord_String" classname="WordTest" time="0.0"/>
  <system-out><![CDATA[]]></system-out>
  <system-err><![CDATA[]]></system-err>
</testsuite>
