<?xml version="1.0" encoding="UTF-8"?>
<testsuite name="WordTest" tests="5" skipped="0" failures="0" errors="0" timestamp="2016-05-01T05:07:49" hostname="epicodus-30.local" time="0.001">
  <properties/>
  <testcase name="allWords_canAddMultipleWords_String" classname="WordTest" time="0.0"/>
  <testcase name="Word_instantiatesCorrectly_true" classname="WordTest" time="0.001"/>
  <testcase name="allWords_canAddOneWord_String" classname="WordTest" time="0.0"/>
  <testcase name="Word_instantiatesWithName_String" classname="WordTest" time="0.0"/>
  <testcase name="addDefinition_canAddOneDefinitionForOneWord_String" classname="WordTest" time="0.0"/>
  <system-out><![CDATA[]]></system-out>
  <system-err><![CDATA[]]></system-err>
</testsuite>
