<?xml version="1.0" encoding="UTF-8"?>
<testsuite name="DefinitionTest" tests="4" skipped="0" failures="0" errors="0" timestamp="2016-04-29T22:02:53" hostname="epicodus-36.local" time="0.003">
  <properties/>
  <testcase name="Definition_OneDefinitionAddedToList_ArrayList" classname="DefinitionTest" time="0.001"/>
  <testcase name="Definition_instantiatesCorrectly_true" classname="DefinitionTest" time="0.0"/>
  <testcase name="Definition_MultipleDefinitionsAddedToList_ArrayList" classname="DefinitionTest" time="0.001"/>
  <testcase name="Definition_instantiatedwithString_String" classname="DefinitionTest" time="0.001"/>
  <system-out><![CDATA[]]></system-out>
  <system-err><![CDATA[]]></system-err>
</testsuite>
