<?xml version="1.0" encoding="UTF-8"?>
<testsuite name="CategoryTest" tests="1" skipped="0" failures="0" errors="0" timestamp="2016-04-29T20:55:15" hostname="epicodus-36.local" time="0.001">
  <properties/>
  <testcase name="Category_instantiatesCorrectly_true" classname="CategoryTest" time="0.001"/>
  <system-out><![CDATA[]]></system-out>
  <system-err><![CDATA[]]></system-err>
</testsuite>
